<?xml version="1.0" encoding="UTF-8"?>
<testsuite xmlns:xsi="http://www.w3.org/2001/XMLSchema-instance" xsi:noNamespaceSchemaLocation="https://maven.apache.org/surefire/maven-surefire-plugin/xsd/surefire-test-report.xsd" name="com.mend.graph.server.GraphAlgoTest" time="2.102" tests="2" errors="0" skipped="0" failures="0">
  <properties>
    <property name="java.specification.version" value="19"/>
    <property name="sun.jnu.encoding" value="UTF-8"/>
    <property name="java.class.path" value="/Users/lshepetovsky/src/github/mend-graph-service/mend-graph-service-server/target/test-classes:/Users/lshepetovsky/src/github/mend-graph-service/mend-graph-service-server/target/classes:/Users/lshepetovsky/src/github/mend-graph-service/mend-graph-service-contract/target/mend-graph-service-contract-1.0-SNAPSHOT.jar:/Users/lshepetovsky/.m2/repository/org/hibernate/validator/hibernate-validator/6.2.3.Final/hibernate-validator-6.2.3.Final.jar:/Users/lshepetovsky/.m2/repository/jakarta/validation/jakarta.validation-api/2.0.2/jakarta.validation-api-2.0.2.jar:/Users/lshepetovsky/.m2/repository/org/jboss/logging/jboss-logging/3.4.3.Final/jboss-logging-3.4.3.Final.jar:/Users/lshepetovsky/.m2/repository/com/fasterxml/classmate/1.5.1/classmate-1.5.1.jar:/Users/lshepetovsky/.m2/repository/com/fasterxml/jackson/datatype/jackson-datatype-jsr310/2.13.3/jackson-datatype-jsr310-2.13.3.jar:/Users/lshepetovsky/.m2/repository/com/fasterxml/jackson/core/jackson-annotations/2.13.3/jackson-annotations-2.13.3.jar:/Users/lshepetovsky/.m2/repository/com/fasterxml/jackson/core/jackson-core/2.13.3/jackson-core-2.13.3.jar:/Users/lshepetovsky/.m2/repository/com/fasterxml/jackson/core/jackson-databind/2.13.3/jackson-databind-2.13.3.jar:/Users/lshepetovsky/.m2/repository/io/swagger/core/v3/swagger-annotations/2.2.1/swagger-annotations-2.2.1.jar:/Users/lshepetovsky/src/github/mend-graph-service/mend-graph-service-sdk/target/mend-graph-service-sdk-1.0-SNAPSHOT.jar:/Users/lshepetovsky/.m2/repository/org/springframework/spring-web/5.3.21/spring-web-5.3.21.jar:/Users/lshepetovsky/.m2/repository/org/springframework/spring-beans/5.3.21/spring-beans-5.3.21.jar:/Users/lshepetovsky/.m2/repository/org/apache/httpcomponents/httpclient/4.5.13/httpclient-4.5.13.jar:/Users/lshepetovsky/.m2/repository/org/apache/httpcomponents/httpcore/4.4.15/httpcore-4.4.15.jar:/Users/lshepetovsky/.m2/repository/commons-logging/commons-logging/1.2/commons-logging-1.2.jar:/Users/lshepetovsky/.m2/repository/commons-codec/commons-codec/1.15/commons-codec-1.15.jar:/Users/lshepetovsky/.m2/repository/org/springframework/boot/spring-boot-starter-web/2.7.1/spring-boot-starter-web-2.7.1.jar:/Users/lshepetovsky/.m2/repository/org/springframework/boot/spring-boot-starter/2.7.1/spring-boot-starter-2.7.1.jar:/Users/lshepetovsky/.m2/repository/org/springframework/boot/spring-boot-starter-logging/2.7.1/spring-boot-starter-logging-2.7.1.jar:/Users/lshepetovsky/.m2/repository/ch/qos/logback/logback-classic/1.2.11/logback-classic-1.2.11.jar:/Users/lshepetovsky/.m2/repository/ch/qos/logback/logback-core/1.2.11/logback-core-1.2.11.jar:/Users/lshepetovsky/.m2/repository/org/apache/logging/log4j/log4j-to-slf4j/2.17.2/log4j-to-slf4j-2.17.2.jar:/Users/lshepetovsky/.m2/repository/org/apache/logging/log4j/log4j-api/2.17.2/log4j-api-2.17.2.jar:/Users/lshepetovsky/.m2/repository/org/slf4j/jul-to-slf4j/1.7.36/jul-to-slf4j-1.7.36.jar:/Users/lshepetovsky/.m2/repository/jakarta/annotation/jakarta.annotation-api/1.3.5/jakarta.annotation-api-1.3.5.jar:/Users/lshepetovsky/.m2/repository/org/yaml/snakeyaml/1.30/snakeyaml-1.30.jar:/Users/lshepetovsky/.m2/repository/org/springframework/boot/spring-boot-starter-json/2.7.1/spring-boot-starter-json-2.7.1.jar:/Users/lshepetovsky/.m2/repository/com/fasterxml/jackson/datatype/jackson-datatype-jdk8/2.13.3/jackson-datatype-jdk8-2.13.3.jar:/Users/lshepetovsky/.m2/repository/com/fasterxml/jackson/module/jackson-module-parameter-names/2.13.3/jackson-module-parameter-names-2.13.3.jar:/Users/lshepetovsky/.m2/repository/org/springframework/boot/spring-boot-starter-tomcat/2.7.1/spring-boot-starter-tomcat-2.7.1.jar:/Users/lshepetovsky/.m2/repository/org/apache/tomcat/embed/tomcat-embed-core/9.0.64/tomcat-embed-core-9.0.64.jar:/Users/lshepetovsky/.m2/repository/org/apache/tomcat/embed/tomcat-embed-el/9.0.64/tomcat-embed-el-9.0.64.jar:/Users/lshepetovsky/.m2/repository/org/apache/tomcat/embed/tomcat-embed-websocket/9.0.64/tomcat-embed-websocket-9.0.64.jar:/Users/lshepetovsky/.m2/repository/org/springframework/spring-webmvc/5.3.21/spring-webmvc-5.3.21.jar:/Users/lshepetovsky/.m2/repository/org/springframework/spring-aop/5.3.21/spring-aop-5.3.21.jar:/Users/lshepetovsky/.m2/repository/org/springframework/spring-context/5.3.21/spring-context-5.3.21.jar:/Users/lshepetovsky/.m2/repository/org/springframework/spring-expression/5.3.21/spring-expression-5.3.21.jar:/Users/lshepetovsky/.m2/repository/org/springframework/boot/spring-boot-devtools/2.7.1/spring-boot-devtools-2.7.1.jar:/Users/lshepetovsky/.m2/repository/org/springframework/boot/spring-boot/2.7.1/spring-boot-2.7.1.jar:/Users/lshepetovsky/.m2/repository/org/springframework/boot/spring-boot-autoconfigure/2.7.1/spring-boot-autoconfigure-2.7.1.jar:/Users/lshepetovsky/.m2/repository/org/springframework/boot/spring-boot-starter-test/2.7.1/spring-boot-starter-test-2.7.1.jar:/Users/lshepetovsky/.m2/repository/org/springframework/boot/spring-boot-test/2.7.1/spring-boot-test-2.7.1.jar:/Users/lshepetovsky/.m2/repository/org/springframework/boot/spring-boot-test-autoconfigure/2.7.1/spring-boot-test-autoconfigure-2.7.1.jar:/Users/lshepetovsky/.m2/repository/com/jayway/jsonpath/json-path/2.7.0/json-path-2.7.0.jar:/Users/lshepetovsky/.m2/repository/net/minidev/json-smart/2.4.8/json-smart-2.4.8.jar:/Users/lshepetovsky/.m2/repository/net/minidev/accessors-smart/2.4.8/accessors-smart-2.4.8.jar:/Users/lshepetovsky/.m2/repository/org/ow2/asm/asm/9.1/asm-9.1.jar:/Users/lshepetovsky/.m2/repository/org/slf4j/slf4j-api/1.7.36/slf4j-api-1.7.36.jar:/Users/lshepetovsky/.m2/repository/jakarta/xml/bind/jakarta.xml.bind-api/2.3.3/jakarta.xml.bind-api-2.3.3.jar:/Users/lshepetovsky/.m2/repository/jakarta/activation/jakarta.activation-api/1.2.2/jakarta.activation-api-1.2.2.jar:/Users/lshepetovsky/.m2/repository/org/assertj/assertj-core/3.22.0/assertj-core-3.22.0.jar:/Users/lshepetovsky/.m2/repository/org/hamcrest/hamcrest/2.2/hamcrest-2.2.jar:/Users/lshepetovsky/.m2/repository/org/junit/jupiter/junit-jupiter/5.8.2/junit-jupiter-5.8.2.jar:/Users/lshepetovsky/.m2/repository/org/junit/jupiter/junit-jupiter-api/5.8.2/junit-jupiter-api-5.8.2.jar:/Users/lshepetovsky/.m2/repository/org/opentest4j/opentest4j/1.2.0/opentest4j-1.2.0.jar:/Users/lshepetovsky/.m2/repository/org/junit/platform/junit-platform-commons/1.8.2/junit-platform-commons-1.8.2.jar:/Users/lshepetovsky/.m2/repository/org/apiguardian/apiguardian-api/1.1.2/apiguardian-api-1.1.2.jar:/Users/lshepetovsky/.m2/repository/org/junit/jupiter/junit-jupiter-params/5.8.2/junit-jupiter-params-5.8.2.jar:/Users/lshepetovsky/.m2/repository/org/junit/jupiter/junit-jupiter-engine/5.8.2/junit-jupiter-engine-5.8.2.jar:/Users/lshepetovsky/.m2/repository/org/junit/platform/junit-platform-engine/1.8.2/junit-platform-engine-1.8.2.jar:/Users/lshepetovsky/.m2/repository/org/mockito/mockito-core/4.5.1/mockito-core-4.5.1.jar:/Users/lshepetovsky/.m2/repository/net/bytebuddy/byte-buddy/1.12.11/byte-buddy-1.12.11.jar:/Users/lshepetovsky/.m2/repository/net/bytebuddy/byte-buddy-agent/1.12.11/byte-buddy-agent-1.12.11.jar:/Users/lshepetovsky/.m2/repository/org/objenesis/objenesis/3.2/objenesis-3.2.jar:/Users/lshepetovsky/.m2/repository/org/mockito/mockito-junit-jupiter/4.5.1/mockito-junit-jupiter-4.5.1.jar:/Users/lshepetovsky/.m2/repository/org/skyscreamer/jsonassert/1.5.0/jsonassert-1.5.0.jar:/Users/lshepetovsky/.m2/repository/com/vaadin/external/google/android-json/0.0.20131108.vaadin1/android-json-0.0.20131108.vaadin1.jar:/Users/lshepetovsky/.m2/repository/org/springframework/spring-core/5.3.21/spring-core-5.3.21.jar:/Users/lshepetovsky/.m2/repository/org/springframework/spring-jcl/5.3.21/spring-jcl-5.3.21.jar:/Users/lshepetovsky/.m2/repository/org/springframework/spring-test/5.3.21/spring-test-5.3.21.jar:/Users/lshepetovsky/.m2/repository/org/xmlunit/xmlunit-core/2.9.0/xmlunit-core-2.9.0.jar:/Users/lshepetovsky/.m2/repository/javax/inject/javax.inject/1/javax.inject-1.jar:/Users/lshepetovsky/.m2/repository/org/springdoc/springdoc-openapi-ui/1.6.10-SNAPSHOT/springdoc-openapi-ui-1.6.10-SNAPSHOT.jar:/Users/lshepetovsky/.m2/repository/org/springdoc/springdoc-openapi-webmvc-core/1.6.10-SNAPSHOT/springdoc-openapi-webmvc-core-1.6.10-SNAPSHOT.jar:/Users/lshepetovsky/.m2/repository/org/springdoc/springdoc-openapi-common/1.6.10-SNAPSHOT/springdoc-openapi-common-1.6.10-SNAPSHOT.jar:/Users/lshepetovsky/.m2/repository/io/swagger/core/v3/swagger-core/2.2.2/swagger-core-2.2.2.jar:/Users/lshepetovsky/.m2/repository/org/apache/commons/commons-lang3/3.12.0/commons-lang3-3.12.0.jar:/Users/lshepetovsky/.m2/repository/com/fasterxml/jackson/dataformat/jackson-dataformat-yaml/2.13.3/jackson-dataformat-yaml-2.13.3.jar:/Users/lshepetovsky/.m2/repository/io/swagger/core/v3/swagger-models/2.2.2/swagger-models-2.2.2.jar:/Users/lshepetovsky/.m2/repository/org/webjars/swagger-ui/4.13.2/swagger-ui-4.13.2.jar:/Users/lshepetovsky/.m2/repository/org/webjars/webjars-locator-core/0.50/webjars-locator-core-0.50.jar:/Users/lshepetovsky/.m2/repository/io/github/classgraph/classgraph/4.8.149/classgraph-4.8.149.jar:/Users/lshepetovsky/.m2/repository/com/paypal/digraph/digraph-parser/1.0/digraph-parser-1.0.jar:/Users/lshepetovsky/.m2/repository/org/antlr/antlr4-runtime/4.2/antlr4-runtime-4.2.jar:/Users/lshepetovsky/.m2/repository/org/abego/treelayout/org.abego.treelayout.core/1.0.1/org.abego.treelayout.core-1.0.1.jar:/Users/lshepetovsky/.m2/repository/org/antlr/antlr4-annotations/4.2/antlr4-annotations-4.2.jar:"/>
    <property name="java.vm.vendor" value="Homebrew"/>
    <property name="sun.arch.data.model" value="64"/>
    <property name="java.vendor.url" value="https://github.com/Homebrew/homebrew-core/issues"/>
    <property name="os.name" value="Mac OS X"/>
    <property name="java.vm.specification.version" value="19"/>
    <property name="sun.java.launcher" value="SUN_STANDARD"/>
    <property name="user.country" value="IL"/>
    <property name="sun.boot.library.path" value="/opt/homebrew/Cellar/openjdk/19.0.2/libexec/openjdk.jdk/Contents/Home/lib"/>
    <property name="sun.java.command" value="/Users/lshepetovsky/src/github/mend-graph-service/mend-graph-service-server/target/surefire/surefirebooter5583848002521445124.jar /Users/lshepetovsky/src/github/mend-graph-service/mend-graph-service-server/target/surefire 2023-08-01T12-55-46_439-jvmRun1 surefire9980793517479021226tmp surefire_09261556050256988545tmp"/>
    <property name="http.nonProxyHosts" value="local|*.local|169.254/16|*.169.254/16"/>
    <property name="jdk.debug" value="release"/>
    <property name="surefire.test.class.path" value="/Users/lshepetovsky/src/github/mend-graph-service/mend-graph-service-server/target/test-classes:/Users/lshepetovsky/src/github/mend-graph-service/mend-graph-service-server/target/classes:/Users/lshepetovsky/src/github/mend-graph-service/mend-graph-service-contract/target/mend-graph-service-contract-1.0-SNAPSHOT.jar:/Users/lshepetovsky/.m2/repository/org/hibernate/validator/hibernate-validator/6.2.3.Final/hibernate-validator-6.2.3.Final.jar:/Users/lshepetovsky/.m2/repository/jakarta/validation/jakarta.validation-api/2.0.2/jakarta.validation-api-2.0.2.jar:/Users/lshepetovsky/.m2/repository/org/jboss/logging/jboss-logging/3.4.3.Final/jboss-logging-3.4.3.Final.jar:/Users/lshepetovsky/.m2/repository/com/fasterxml/classmate/1.5.1/classmate-1.5.1.jar:/Users/lshepetovsky/.m2/repository/com/fasterxml/jackson/datatype/jackson-datatype-jsr310/2.13.3/jackson-datatype-jsr310-2.13.3.jar:/Users/lshepetovsky/.m2/repository/com/fasterxml/jackson/core/jackson-annotations/2.13.3/jackson-annotations-2.13.3.jar:/Users/lshepetovsky/.m2/repository/com/fasterxml/jackson/core/jackson-core/2.13.3/jackson-core-2.13.3.jar:/Users/lshepetovsky/.m2/repository/com/fasterxml/jackson/core/jackson-databind/2.13.3/jackson-databind-2.13.3.jar:/Users/lshepetovsky/.m2/repository/io/swagger/core/v3/swagger-annotations/2.2.1/swagger-annotations-2.2.1.jar:/Users/lshepetovsky/src/github/mend-graph-service/mend-graph-service-sdk/target/mend-graph-service-sdk-1.0-SNAPSHOT.jar:/Users/lshepetovsky/.m2/repository/org/springframework/spring-web/5.3.21/spring-web-5.3.21.jar:/Users/lshepetovsky/.m2/repository/org/springframework/spring-beans/5.3.21/spring-beans-5.3.21.jar:/Users/lshepetovsky/.m2/repository/org/apache/httpcomponents/httpclient/4.5.13/httpclient-4.5.13.jar:/Users/lshepetovsky/.m2/repository/org/apache/httpcomponents/httpcore/4.4.15/httpcore-4.4.15.jar:/Users/lshepetovsky/.m2/repository/commons-logging/commons-logging/1.2/commons-logging-1.2.jar:/Users/lshepetovsky/.m2/repository/commons-codec/commons-codec/1.15/commons-codec-1.15.jar:/Users/lshepetovsky/.m2/repository/org/springframework/boot/spring-boot-starter-web/2.7.1/spring-boot-starter-web-2.7.1.jar:/Users/lshepetovsky/.m2/repository/org/springframework/boot/spring-boot-starter/2.7.1/spring-boot-starter-2.7.1.jar:/Users/lshepetovsky/.m2/repository/org/springframework/boot/spring-boot-starter-logging/2.7.1/spring-boot-starter-logging-2.7.1.jar:/Users/lshepetovsky/.m2/repository/ch/qos/logback/logback-classic/1.2.11/logback-classic-1.2.11.jar:/Users/lshepetovsky/.m2/repository/ch/qos/logback/logback-core/1.2.11/logback-core-1.2.11.jar:/Users/lshepetovsky/.m2/repository/org/apache/logging/log4j/log4j-to-slf4j/2.17.2/log4j-to-slf4j-2.17.2.jar:/Users/lshepetovsky/.m2/repository/org/apache/logging/log4j/log4j-api/2.17.2/log4j-api-2.17.2.jar:/Users/lshepetovsky/.m2/repository/org/slf4j/jul-to-slf4j/1.7.36/jul-to-slf4j-1.7.36.jar:/Users/lshepetovsky/.m2/repository/jakarta/annotation/jakarta.annotation-api/1.3.5/jakarta.annotation-api-1.3.5.jar:/Users/lshepetovsky/.m2/repository/org/yaml/snakeyaml/1.30/snakeyaml-1.30.jar:/Users/lshepetovsky/.m2/repository/org/springframework/boot/spring-boot-starter-json/2.7.1/spring-boot-starter-json-2.7.1.jar:/Users/lshepetovsky/.m2/repository/com/fasterxml/jackson/datatype/jackson-datatype-jdk8/2.13.3/jackson-datatype-jdk8-2.13.3.jar:/Users/lshepetovsky/.m2/repository/com/fasterxml/jackson/module/jackson-module-parameter-names/2.13.3/jackson-module-parameter-names-2.13.3.jar:/Users/lshepetovsky/.m2/repository/org/springframework/boot/spring-boot-starter-tomcat/2.7.1/spring-boot-starter-tomcat-2.7.1.jar:/Users/lshepetovsky/.m2/repository/org/apache/tomcat/embed/tomcat-embed-core/9.0.64/tomcat-embed-core-9.0.64.jar:/Users/lshepetovsky/.m2/repository/org/apache/tomcat/embed/tomcat-embed-el/9.0.64/tomcat-embed-el-9.0.64.jar:/Users/lshepetovsky/.m2/repository/org/apache/tomcat/embed/tomcat-embed-websocket/9.0.64/tomcat-embed-websocket-9.0.64.jar:/Users/lshepetovsky/.m2/repository/org/springframework/spring-webmvc/5.3.21/spring-webmvc-5.3.21.jar:/Users/lshepetovsky/.m2/repository/org/springframework/spring-aop/5.3.21/spring-aop-5.3.21.jar:/Users/lshepetovsky/.m2/repository/org/springframework/spring-context/5.3.21/spring-context-5.3.21.jar:/Users/lshepetovsky/.m2/repository/org/springframework/spring-expression/5.3.21/spring-expression-5.3.21.jar:/Users/lshepetovsky/.m2/repository/org/springframework/boot/spring-boot-devtools/2.7.1/spring-boot-devtools-2.7.1.jar:/Users/lshepetovsky/.m2/repository/org/springframework/boot/spring-boot/2.7.1/spring-boot-2.7.1.jar:/Users/lshepetovsky/.m2/repository/org/springframework/boot/spring-boot-autoconfigure/2.7.1/spring-boot-autoconfigure-2.7.1.jar:/Users/lshepetovsky/.m2/repository/org/springframework/boot/spring-boot-starter-test/2.7.1/spring-boot-starter-test-2.7.1.jar:/Users/lshepetovsky/.m2/repository/org/springframework/boot/spring-boot-test/2.7.1/spring-boot-test-2.7.1.jar:/Users/lshepetovsky/.m2/repository/org/springframework/boot/spring-boot-test-autoconfigure/2.7.1/spring-boot-test-autoconfigure-2.7.1.jar:/Users/lshepetovsky/.m2/repository/com/jayway/jsonpath/json-path/2.7.0/json-path-2.7.0.jar:/Users/lshepetovsky/.m2/repository/net/minidev/json-smart/2.4.8/json-smart-2.4.8.jar:/Users/lshepetovsky/.m2/repository/net/minidev/accessors-smart/2.4.8/accessors-smart-2.4.8.jar:/Users/lshepetovsky/.m2/repository/org/ow2/asm/asm/9.1/asm-9.1.jar:/Users/lshepetovsky/.m2/repository/org/slf4j/slf4j-api/1.7.36/slf4j-api-1.7.36.jar:/Users/lshepetovsky/.m2/repository/jakarta/xml/bind/jakarta.xml.bind-api/2.3.3/jakarta.xml.bind-api-2.3.3.jar:/Users/lshepetovsky/.m2/repository/jakarta/activation/jakarta.activation-api/1.2.2/jakarta.activation-api-1.2.2.jar:/Users/lshepetovsky/.m2/repository/org/assertj/assertj-core/3.22.0/assertj-core-3.22.0.jar:/Users/lshepetovsky/.m2/repository/org/hamcrest/hamcrest/2.2/hamcrest-2.2.jar:/Users/lshepetovsky/.m2/repository/org/junit/jupiter/junit-jupiter/5.8.2/junit-jupiter-5.8.2.jar:/Users/lshepetovsky/.m2/repository/org/junit/jupiter/junit-jupiter-api/5.8.2/junit-jupiter-api-5.8.2.jar:/Users/lshepetovsky/.m2/repository/org/opentest4j/opentest4j/1.2.0/opentest4j-1.2.0.jar:/Users/lshepetovsky/.m2/repository/org/junit/platform/junit-platform-commons/1.8.2/junit-platform-commons-1.8.2.jar:/Users/lshepetovsky/.m2/repository/org/apiguardian/apiguardian-api/1.1.2/apiguardian-api-1.1.2.jar:/Users/lshepetovsky/.m2/repository/org/junit/jupiter/junit-jupiter-params/5.8.2/junit-jupiter-params-5.8.2.jar:/Users/lshepetovsky/.m2/repository/org/junit/jupiter/junit-jupiter-engine/5.8.2/junit-jupiter-engine-5.8.2.jar:/Users/lshepetovsky/.m2/repository/org/junit/platform/junit-platform-engine/1.8.2/junit-platform-engine-1.8.2.jar:/Users/lshepetovsky/.m2/repository/org/mockito/mockito-core/4.5.1/mockito-core-4.5.1.jar:/Users/lshepetovsky/.m2/repository/net/bytebuddy/byte-buddy/1.12.11/byte-buddy-1.12.11.jar:/Users/lshepetovsky/.m2/repository/net/bytebuddy/byte-buddy-agent/1.12.11/byte-buddy-agent-1.12.11.jar:/Users/lshepetovsky/.m2/repository/org/objenesis/objenesis/3.2/objenesis-3.2.jar:/Users/lshepetovsky/.m2/repository/org/mockito/mockito-junit-jupiter/4.5.1/mockito-junit-jupiter-4.5.1.jar:/Users/lshepetovsky/.m2/repository/org/skyscreamer/jsonassert/1.5.0/jsonassert-1.5.0.jar:/Users/lshepetovsky/.m2/repository/com/vaadin/external/google/android-json/0.0.20131108.vaadin1/android-json-0.0.20131108.vaadin1.jar:/Users/lshepetovsky/.m2/repository/org/springframework/spring-core/5.3.21/spring-core-5.3.21.jar:/Users/lshepetovsky/.m2/repository/org/springframework/spring-jcl/5.3.21/spring-jcl-5.3.21.jar:/Users/lshepetovsky/.m2/repository/org/springframework/spring-test/5.3.21/spring-test-5.3.21.jar:/Users/lshepetovsky/.m2/repository/org/xmlunit/xmlunit-core/2.9.0/xmlunit-core-2.9.0.jar:/Users/lshepetovsky/.m2/repository/javax/inject/javax.inject/1/javax.inject-1.jar:/Users/lshepetovsky/.m2/repository/org/springdoc/springdoc-openapi-ui/1.6.10-SNAPSHOT/springdoc-openapi-ui-1.6.10-SNAPSHOT.jar:/Users/lshepetovsky/.m2/repository/org/springdoc/springdoc-openapi-webmvc-core/1.6.10-SNAPSHOT/springdoc-openapi-webmvc-core-1.6.10-SNAPSHOT.jar:/Users/lshepetovsky/.m2/repository/org/springdoc/springdoc-openapi-common/1.6.10-SNAPSHOT/springdoc-openapi-common-1.6.10-SNAPSHOT.jar:/Users/lshepetovsky/.m2/repository/io/swagger/core/v3/swagger-core/2.2.2/swagger-core-2.2.2.jar:/Users/lshepetovsky/.m2/repository/org/apache/commons/commons-lang3/3.12.0/commons-lang3-3.12.0.jar:/Users/lshepetovsky/.m2/repository/com/fasterxml/jackson/dataformat/jackson-dataformat-yaml/2.13.3/jackson-dataformat-yaml-2.13.3.jar:/Users/lshepetovsky/.m2/repository/io/swagger/core/v3/swagger-models/2.2.2/swagger-models-2.2.2.jar:/Users/lshepetovsky/.m2/repository/org/webjars/swagger-ui/4.13.2/swagger-ui-4.13.2.jar:/Users/lshepetovsky/.m2/repository/org/webjars/webjars-locator-core/0.50/webjars-locator-core-0.50.jar:/Users/lshepetovsky/.m2/repository/io/github/classgraph/classgraph/4.8.149/classgraph-4.8.149.jar:/Users/lshepetovsky/.m2/repository/com/paypal/digraph/digraph-parser/1.0/digraph-parser-1.0.jar:/Users/lshepetovsky/.m2/repository/org/antlr/antlr4-runtime/4.2/antlr4-runtime-4.2.jar:/Users/lshepetovsky/.m2/repository/org/abego/treelayout/org.abego.treelayout.core/1.0.1/org.abego.treelayout.core-1.0.1.jar:/Users/lshepetovsky/.m2/repository/org/antlr/antlr4-annotations/4.2/antlr4-annotations-4.2.jar:"/>
    <property name="sun.cpu.endian" value="little"/>
    <property name="user.home" value="/Users/lshepetovsky"/>
    <property name="user.language" value="en"/>
    <property name="java.specification.vendor" value="Oracle Corporation"/>
    <property name="java.version.date" value="2023-01-17"/>
    <property name="java.home" value="/opt/homebrew/Cellar/openjdk/19.0.2/libexec/openjdk.jdk/Contents/Home"/>
    <property name="file.separator" value="/"/>
    <property name="basedir" value="/Users/lshepetovsky/src/github/mend-graph-service/mend-graph-service-server"/>
    <property name="java.vm.compressedOopsMode" value="Zero based"/>
    <property name="line.separator" value="&#10;"/>
    <property name="java.vm.specification.vendor" value="Oracle Corporation"/>
    <property name="java.specification.name" value="Java Platform API Specification"/>
    <property name="apple.awt.application.name" value="ForkedBooter"/>
    <property name="surefire.real.class.path" value="/Users/lshepetovsky/src/github/mend-graph-service/mend-graph-service-server/target/surefire/surefirebooter5583848002521445124.jar"/>
    <property name="sun.management.compiler" value="HotSpot 64-Bit Tiered Compilers"/>
    <property name="ftp.nonProxyHosts" value="local|*.local|169.254/16|*.169.254/16"/>
    <property name="java.runtime.version" value="19.0.2"/>
    <property name="user.name" value="lshepetovsky"/>
    <property name="stdout.encoding" value="US-ASCII"/>
    <property name="path.separator" value=":"/>
    <property name="os.version" value="13.4.1"/>
    <property name="java.runtime.name" value="OpenJDK Runtime Environment"/>
    <property name="file.encoding" value="UTF-8"/>
    <property name="java.vm.name" value="OpenJDK 64-Bit Server VM"/>
    <property name="java.vendor.version" value="Homebrew"/>
    <property name="localRepository" value="/Users/lshepetovsky/.m2/repository"/>
    <property name="java.vendor.url.bug" value="https://github.com/Homebrew/homebrew-core/issues"/>
    <property name="java.io.tmpdir" value="/var/folders/c_/1v5fqhgd44g1y7mzhhclg4bc0000gn/T/"/>
    <property name="java.version" value="19.0.2"/>
    <property name="user.dir" value="/Users/lshepetovsky/src/github/mend-graph-service/mend-graph-service-server"/>
    <property name="os.arch" value="aarch64"/>
    <property name="java.vm.specification.name" value="Java Virtual Machine Specification"/>
    <property name="native.encoding" value="US-ASCII"/>
    <property name="java.library.path" value="/Users/lshepetovsky/Library/Java/Extensions:/Library/Java/Extensions:/Network/Library/Java/Extensions:/System/Library/Java/Extensions:/usr/lib/java:."/>
    <property name="java.vm.info" value="mixed mode, sharing"/>
    <property name="stderr.encoding" value="US-ASCII"/>
    <property name="java.vendor" value="Homebrew"/>
    <property name="java.vm.version" value="19.0.2"/>
    <property name="sun.io.unicode.encoding" value="UnicodeBig"/>
    <property name="socksNonProxyHosts" value="local|*.local|169.254/16|*.169.254/16"/>
    <property name="java.class.version" value="63.0"/>
  </properties>
  <testcase name="healthCheckTest" classname="com.mend.graph.server.GraphAlgoTest" time="0.272"/>
  <testcase name="digraphTest" classname="com.mend.graph.server.GraphAlgoTest" time="0.058"/>
</testsuite>