<?xml version="1.0" encoding="UTF-8"?>
<testsuite xmlns:xsi="http://www.w3.org/2001/XMLSchema-instance" xsi:noNamespaceSchemaLocation="https://maven.apache.org/surefire/maven-surefire-plugin/xsd/surefire-test-report-3.0.xsd" version="3.0" name="com.mend.graph.server.GraphAlgoTest" time="1.963" tests="2" errors="0" skipped="0" failures="0">
  <properties>
    <property name="java.specification.version" value="21"/>
    <property name="sun.jnu.encoding" value="UTF-8"/>
    <property name="java.class.path" value="/Users/lshepetovsky/src/github/players-service/mend-graph-service-server/target/test-classes:/Users/lshepetovsky/src/github/players-service/mend-graph-service-server/target/classes:/Users/lshepetovsky/src/github/players-service/mend-graph-service-contract/target/mend-graph-service-contract-1.0-SNAPSHOT.jar:/Users/lshepetovsky/.m2/repository/org/hibernate/validator/hibernate-validator/8.0.1.Final/hibernate-validator-8.0.1.Final.jar:/Users/lshepetovsky/.m2/repository/jakarta/validation/jakarta.validation-api/3.0.2/jakarta.validation-api-3.0.2.jar:/Users/lshepetovsky/.m2/repository/org/jboss/logging/jboss-logging/3.5.3.Final/jboss-logging-3.5.3.Final.jar:/Users/lshepetovsky/.m2/repository/com/fasterxml/classmate/1.5.1/classmate-1.5.1.jar:/Users/lshepetovsky/.m2/repository/com/fasterxml/jackson/datatype/jackson-datatype-jsr310/2.15.2/jackson-datatype-jsr310-2.15.2.jar:/Users/lshepetovsky/.m2/repository/com/fasterxml/jackson/core/jackson-annotations/2.15.2/jackson-annotations-2.15.2.jar:/Users/lshepetovsky/.m2/repository/com/fasterxml/jackson/core/jackson-core/2.15.2/jackson-core-2.15.2.jar:/Users/lshepetovsky/.m2/repository/com/fasterxml/jackson/core/jackson-databind/2.15.2/jackson-databind-2.15.2.jar:/Users/lshepetovsky/.m2/repository/io/swagger/core/v3/swagger-annotations/2.2.16/swagger-annotations-2.2.16.jar:/Users/lshepetovsky/src/github/players-service/mend-graph-service-sdk/target/mend-graph-service-sdk-1.0-SNAPSHOT.jar:/Users/lshepetovsky/.m2/repository/org/springframework/spring-web/6.0.12/spring-web-6.0.12.jar:/Users/lshepetovsky/.m2/repository/org/springframework/spring-beans/6.0.12/spring-beans-6.0.12.jar:/Users/lshepetovsky/.m2/repository/io/micrometer/micrometer-observation/1.11.4/micrometer-observation-1.11.4.jar:/Users/lshepetovsky/.m2/repository/io/micrometer/micrometer-commons/1.11.4/micrometer-commons-1.11.4.jar:/Users/lshepetovsky/.m2/repository/org/apache/httpcomponents/client5/httpclient5/5.2.1/httpclient5-5.2.1.jar:/Users/lshepetovsky/.m2/repository/org/apache/httpcomponents/core5/httpcore5/5.2.2/httpcore5-5.2.2.jar:/Users/lshepetovsky/.m2/repository/org/apache/httpcomponents/core5/httpcore5-h2/5.2.2/httpcore5-h2-5.2.2.jar:/Users/lshepetovsky/.m2/repository/org/slf4j/slf4j-api/2.0.9/slf4j-api-2.0.9.jar:/Users/lshepetovsky/.m2/repository/org/springframework/boot/spring-boot-starter-web/3.1.4/spring-boot-starter-web-3.1.4.jar:/Users/lshepetovsky/.m2/repository/org/springframework/boot/spring-boot-starter/3.1.4/spring-boot-starter-3.1.4.jar:/Users/lshepetovsky/.m2/repository/org/springframework/boot/spring-boot-starter-logging/3.1.4/spring-boot-starter-logging-3.1.4.jar:/Users/lshepetovsky/.m2/repository/ch/qos/logback/logback-classic/1.4.11/logback-classic-1.4.11.jar:/Users/lshepetovsky/.m2/repository/ch/qos/logback/logback-core/1.4.11/logback-core-1.4.11.jar:/Users/lshepetovsky/.m2/repository/org/apache/logging/log4j/log4j-to-slf4j/2.20.0/log4j-to-slf4j-2.20.0.jar:/Users/lshepetovsky/.m2/repository/org/apache/logging/log4j/log4j-api/2.20.0/log4j-api-2.20.0.jar:/Users/lshepetovsky/.m2/repository/org/slf4j/jul-to-slf4j/2.0.9/jul-to-slf4j-2.0.9.jar:/Users/lshepetovsky/.m2/repository/jakarta/annotation/jakarta.annotation-api/2.1.1/jakarta.annotation-api-2.1.1.jar:/Users/lshepetovsky/.m2/repository/org/yaml/snakeyaml/1.33/snakeyaml-1.33.jar:/Users/lshepetovsky/.m2/repository/org/springframework/boot/spring-boot-starter-json/3.1.4/spring-boot-starter-json-3.1.4.jar:/Users/lshepetovsky/.m2/repository/com/fasterxml/jackson/datatype/jackson-datatype-jdk8/2.15.2/jackson-datatype-jdk8-2.15.2.jar:/Users/lshepetovsky/.m2/repository/com/fasterxml/jackson/module/jackson-module-parameter-names/2.15.2/jackson-module-parameter-names-2.15.2.jar:/Users/lshepetovsky/.m2/repository/org/springframework/boot/spring-boot-starter-tomcat/3.1.4/spring-boot-starter-tomcat-3.1.4.jar:/Users/lshepetovsky/.m2/repository/org/apache/tomcat/embed/tomcat-embed-core/10.1.13/tomcat-embed-core-10.1.13.jar:/Users/lshepetovsky/.m2/repository/org/apache/tomcat/embed/tomcat-embed-el/10.1.13/tomcat-embed-el-10.1.13.jar:/Users/lshepetovsky/.m2/repository/org/apache/tomcat/embed/tomcat-embed-websocket/10.1.13/tomcat-embed-websocket-10.1.13.jar:/Users/lshepetovsky/.m2/repository/org/springframework/spring-webmvc/6.0.12/spring-webmvc-6.0.12.jar:/Users/lshepetovsky/.m2/repository/org/springframework/spring-aop/6.0.12/spring-aop-6.0.12.jar:/Users/lshepetovsky/.m2/repository/org/springframework/spring-context/6.0.12/spring-context-6.0.12.jar:/Users/lshepetovsky/.m2/repository/org/springframework/spring-expression/6.0.12/spring-expression-6.0.12.jar:/Users/lshepetovsky/.m2/repository/org/springframework/boot/spring-boot-devtools/3.1.4/spring-boot-devtools-3.1.4.jar:/Users/lshepetovsky/.m2/repository/org/springframework/boot/spring-boot/3.1.4/spring-boot-3.1.4.jar:/Users/lshepetovsky/.m2/repository/org/springframework/boot/spring-boot-autoconfigure/3.1.4/spring-boot-autoconfigure-3.1.4.jar:/Users/lshepetovsky/.m2/repository/org/springframework/boot/spring-boot-starter-test/3.1.4/spring-boot-starter-test-3.1.4.jar:/Users/lshepetovsky/.m2/repository/org/springframework/boot/spring-boot-test/3.1.4/spring-boot-test-3.1.4.jar:/Users/lshepetovsky/.m2/repository/org/springframework/boot/spring-boot-test-autoconfigure/3.1.4/spring-boot-test-autoconfigure-3.1.4.jar:/Users/lshepetovsky/.m2/repository/com/jayway/jsonpath/json-path/2.8.0/json-path-2.8.0.jar:/Users/lshepetovsky/.m2/repository/jakarta/xml/bind/jakarta.xml.bind-api/4.0.1/jakarta.xml.bind-api-4.0.1.jar:/Users/lshepetovsky/.m2/repository/jakarta/activation/jakarta.activation-api/2.1.2/jakarta.activation-api-2.1.2.jar:/Users/lshepetovsky/.m2/repository/net/minidev/json-smart/2.4.11/json-smart-2.4.11.jar:/Users/lshepetovsky/.m2/repository/net/minidev/accessors-smart/2.4.11/accessors-smart-2.4.11.jar:/Users/lshepetovsky/.m2/repository/org/ow2/asm/asm/9.3/asm-9.3.jar:/Users/lshepetovsky/.m2/repository/org/assertj/assertj-core/3.24.2/assertj-core-3.24.2.jar:/Users/lshepetovsky/.m2/repository/net/bytebuddy/byte-buddy/1.14.8/byte-buddy-1.14.8.jar:/Users/lshepetovsky/.m2/repository/org/hamcrest/hamcrest/2.2/hamcrest-2.2.jar:/Users/lshepetovsky/.m2/repository/org/junit/jupiter/junit-jupiter/5.9.3/junit-jupiter-5.9.3.jar:/Users/lshepetovsky/.m2/repository/org/junit/jupiter/junit-jupiter-api/5.9.3/junit-jupiter-api-5.9.3.jar:/Users/lshepetovsky/.m2/repository/org/opentest4j/opentest4j/1.2.0/opentest4j-1.2.0.jar:/Users/lshepetovsky/.m2/repository/org/junit/platform/junit-platform-commons/1.9.3/junit-platform-commons-1.9.3.jar:/Users/lshepetovsky/.m2/repository/org/apiguardian/apiguardian-api/1.1.2/apiguardian-api-1.1.2.jar:/Users/lshepetovsky/.m2/repository/org/junit/jupiter/junit-jupiter-params/5.9.3/junit-jupiter-params-5.9.3.jar:/Users/lshepetovsky/.m2/repository/org/junit/jupiter/junit-jupiter-engine/5.9.3/junit-jupiter-engine-5.9.3.jar:/Users/lshepetovsky/.m2/repository/org/junit/platform/junit-platform-engine/1.9.3/junit-platform-engine-1.9.3.jar:/Users/lshepetovsky/.m2/repository/org/mockito/mockito-core/5.3.1/mockito-core-5.3.1.jar:/Users/lshepetovsky/.m2/repository/net/bytebuddy/byte-buddy-agent/1.14.8/byte-buddy-agent-1.14.8.jar:/Users/lshepetovsky/.m2/repository/org/objenesis/objenesis/3.3/objenesis-3.3.jar:/Users/lshepetovsky/.m2/repository/org/mockito/mockito-junit-jupiter/5.3.1/mockito-junit-jupiter-5.3.1.jar:/Users/lshepetovsky/.m2/repository/org/skyscreamer/jsonassert/1.5.1/jsonassert-1.5.1.jar:/Users/lshepetovsky/.m2/repository/com/vaadin/external/google/android-json/0.0.20131108.vaadin1/android-json-0.0.20131108.vaadin1.jar:/Users/lshepetovsky/.m2/repository/org/springframework/spring-core/6.0.12/spring-core-6.0.12.jar:/Users/lshepetovsky/.m2/repository/org/springframework/spring-jcl/6.0.12/spring-jcl-6.0.12.jar:/Users/lshepetovsky/.m2/repository/org/springframework/spring-test/6.0.12/spring-test-6.0.12.jar:/Users/lshepetovsky/.m2/repository/org/xmlunit/xmlunit-core/2.9.1/xmlunit-core-2.9.1.jar:/Users/lshepetovsky/.m2/repository/javax/inject/javax.inject/1/javax.inject-1.jar:/Users/lshepetovsky/.m2/repository/org/springdoc/springdoc-openapi-ui/1.7.0/springdoc-openapi-ui-1.7.0.jar:/Users/lshepetovsky/.m2/repository/org/springdoc/springdoc-openapi-webmvc-core/1.7.0/springdoc-openapi-webmvc-core-1.7.0.jar:/Users/lshepetovsky/.m2/repository/org/springdoc/springdoc-openapi-common/1.7.0/springdoc-openapi-common-1.7.0.jar:/Users/lshepetovsky/.m2/repository/io/swagger/core/v3/swagger-core/2.2.9/swagger-core-2.2.9.jar:/Users/lshepetovsky/.m2/repository/org/apache/commons/commons-lang3/3.12.0/commons-lang3-3.12.0.jar:/Users/lshepetovsky/.m2/repository/com/fasterxml/jackson/dataformat/jackson-dataformat-yaml/2.15.2/jackson-dataformat-yaml-2.15.2.jar:/Users/lshepetovsky/.m2/repository/io/swagger/core/v3/swagger-models/2.2.9/swagger-models-2.2.9.jar:/Users/lshepetovsky/.m2/repository/org/webjars/swagger-ui/4.18.2/swagger-ui-4.18.2.jar:/Users/lshepetovsky/.m2/repository/com/paypal/digraph/digraph-parser/1.0/digraph-parser-1.0.jar:/Users/lshepetovsky/.m2/repository/org/antlr/antlr4-runtime/4.2/antlr4-runtime-4.2.jar:/Users/lshepetovsky/.m2/repository/org/abego/treelayout/org.abego.treelayout.core/1.0.1/org.abego.treelayout.core-1.0.1.jar:/Users/lshepetovsky/.m2/repository/org/antlr/antlr4-annotations/4.2/antlr4-annotations-4.2.jar:"/>
    <property name="java.vm.vendor" value="Homebrew"/>
    <property name="sun.arch.data.model" value="64"/>
    <property name="catalina.useNaming" value="false"/>
    <property name="java.vendor.url" value="https://github.com/Homebrew/homebrew-core/issues"/>
    <property name="user.timezone" value="Asia/Jerusalem"/>
    <property name="org.jboss.logging.provider" value="slf4j"/>
    <property name="os.name" value="Mac OS X"/>
    <property name="java.vm.specification.version" value="21"/>
    <property name="sun.java.launcher" value="SUN_STANDARD"/>
    <property name="user.country" value="IL"/>
    <property name="sun.boot.library.path" value="/opt/homebrew/Cellar/openjdk/21/libexec/openjdk.jdk/Contents/Home/lib"/>
    <property name="sun.java.command" value="/Users/lshepetovsky/src/github/players-service/mend-graph-service-server/target/surefire/surefirebooter-20231005150340278_3.jar /Users/lshepetovsky/src/github/players-service/mend-graph-service-server/target/surefire 2023-10-05T15-03-38_020-jvmRun1 surefire-20231005150340278_1tmp surefire_0-20231005150340278_2tmp"/>
    <property name="http.nonProxyHosts" value="local|*.local|169.254/16|*.169.254/16"/>
    <property name="jdk.debug" value="release"/>
    <property name="surefire.test.class.path" value="/Users/lshepetovsky/src/github/players-service/mend-graph-service-server/target/test-classes:/Users/lshepetovsky/src/github/players-service/mend-graph-service-server/target/classes:/Users/lshepetovsky/src/github/players-service/mend-graph-service-contract/target/mend-graph-service-contract-1.0-SNAPSHOT.jar:/Users/lshepetovsky/.m2/repository/org/hibernate/validator/hibernate-validator/8.0.1.Final/hibernate-validator-8.0.1.Final.jar:/Users/lshepetovsky/.m2/repository/jakarta/validation/jakarta.validation-api/3.0.2/jakarta.validation-api-3.0.2.jar:/Users/lshepetovsky/.m2/repository/org/jboss/logging/jboss-logging/3.5.3.Final/jboss-logging-3.5.3.Final.jar:/Users/lshepetovsky/.m2/repository/com/fasterxml/classmate/1.5.1/classmate-1.5.1.jar:/Users/lshepetovsky/.m2/repository/com/fasterxml/jackson/datatype/jackson-datatype-jsr310/2.15.2/jackson-datatype-jsr310-2.15.2.jar:/Users/lshepetovsky/.m2/repository/com/fasterxml/jackson/core/jackson-annotations/2.15.2/jackson-annotations-2.15.2.jar:/Users/lshepetovsky/.m2/repository/com/fasterxml/jackson/core/jackson-core/2.15.2/jackson-core-2.15.2.jar:/Users/lshepetovsky/.m2/repository/com/fasterxml/jackson/core/jackson-databind/2.15.2/jackson-databind-2.15.2.jar:/Users/lshepetovsky/.m2/repository/io/swagger/core/v3/swagger-annotations/2.2.16/swagger-annotations-2.2.16.jar:/Users/lshepetovsky/src/github/players-service/mend-graph-service-sdk/target/mend-graph-service-sdk-1.0-SNAPSHOT.jar:/Users/lshepetovsky/.m2/repository/org/springframework/spring-web/6.0.12/spring-web-6.0.12.jar:/Users/lshepetovsky/.m2/repository/org/springframework/spring-beans/6.0.12/spring-beans-6.0.12.jar:/Users/lshepetovsky/.m2/repository/io/micrometer/micrometer-observation/1.11.4/micrometer-observation-1.11.4.jar:/Users/lshepetovsky/.m2/repository/io/micrometer/micrometer-commons/1.11.4/micrometer-commons-1.11.4.jar:/Users/lshepetovsky/.m2/repository/org/apache/httpcomponents/client5/httpclient5/5.2.1/httpclient5-5.2.1.jar:/Users/lshepetovsky/.m2/repository/org/apache/httpcomponents/core5/httpcore5/5.2.2/httpcore5-5.2.2.jar:/Users/lshepetovsky/.m2/repository/org/apache/httpcomponents/core5/httpcore5-h2/5.2.2/httpcore5-h2-5.2.2.jar:/Users/lshepetovsky/.m2/repository/org/slf4j/slf4j-api/2.0.9/slf4j-api-2.0.9.jar:/Users/lshepetovsky/.m2/repository/org/springframework/boot/spring-boot-starter-web/3.1.4/spring-boot-starter-web-3.1.4.jar:/Users/lshepetovsky/.m2/repository/org/springframework/boot/spring-boot-starter/3.1.4/spring-boot-starter-3.1.4.jar:/Users/lshepetovsky/.m2/repository/org/springframework/boot/spring-boot-starter-logging/3.1.4/spring-boot-starter-logging-3.1.4.jar:/Users/lshepetovsky/.m2/repository/ch/qos/logback/logback-classic/1.4.11/logback-classic-1.4.11.jar:/Users/lshepetovsky/.m2/repository/ch/qos/logback/logback-core/1.4.11/logback-core-1.4.11.jar:/Users/lshepetovsky/.m2/repository/org/apache/logging/log4j/log4j-to-slf4j/2.20.0/log4j-to-slf4j-2.20.0.jar:/Users/lshepetovsky/.m2/repository/org/apache/logging/log4j/log4j-api/2.20.0/log4j-api-2.20.0.jar:/Users/lshepetovsky/.m2/repository/org/slf4j/jul-to-slf4j/2.0.9/jul-to-slf4j-2.0.9.jar:/Users/lshepetovsky/.m2/repository/jakarta/annotation/jakarta.annotation-api/2.1.1/jakarta.annotation-api-2.1.1.jar:/Users/lshepetovsky/.m2/repository/org/yaml/snakeyaml/1.33/snakeyaml-1.33.jar:/Users/lshepetovsky/.m2/repository/org/springframework/boot/spring-boot-starter-json/3.1.4/spring-boot-starter-json-3.1.4.jar:/Users/lshepetovsky/.m2/repository/com/fasterxml/jackson/datatype/jackson-datatype-jdk8/2.15.2/jackson-datatype-jdk8-2.15.2.jar:/Users/lshepetovsky/.m2/repository/com/fasterxml/jackson/module/jackson-module-parameter-names/2.15.2/jackson-module-parameter-names-2.15.2.jar:/Users/lshepetovsky/.m2/repository/org/springframework/boot/spring-boot-starter-tomcat/3.1.4/spring-boot-starter-tomcat-3.1.4.jar:/Users/lshepetovsky/.m2/repository/org/apache/tomcat/embed/tomcat-embed-core/10.1.13/tomcat-embed-core-10.1.13.jar:/Users/lshepetovsky/.m2/repository/org/apache/tomcat/embed/tomcat-embed-el/10.1.13/tomcat-embed-el-10.1.13.jar:/Users/lshepetovsky/.m2/repository/org/apache/tomcat/embed/tomcat-embed-websocket/10.1.13/tomcat-embed-websocket-10.1.13.jar:/Users/lshepetovsky/.m2/repository/org/springframework/spring-webmvc/6.0.12/spring-webmvc-6.0.12.jar:/Users/lshepetovsky/.m2/repository/org/springframework/spring-aop/6.0.12/spring-aop-6.0.12.jar:/Users/lshepetovsky/.m2/repository/org/springframework/spring-context/6.0.12/spring-context-6.0.12.jar:/Users/lshepetovsky/.m2/repository/org/springframework/spring-expression/6.0.12/spring-expression-6.0.12.jar:/Users/lshepetovsky/.m2/repository/org/springframework/boot/spring-boot-devtools/3.1.4/spring-boot-devtools-3.1.4.jar:/Users/lshepetovsky/.m2/repository/org/springframework/boot/spring-boot/3.1.4/spring-boot-3.1.4.jar:/Users/lshepetovsky/.m2/repository/org/springframework/boot/spring-boot-autoconfigure/3.1.4/spring-boot-autoconfigure-3.1.4.jar:/Users/lshepetovsky/.m2/repository/org/springframework/boot/spring-boot-starter-test/3.1.4/spring-boot-starter-test-3.1.4.jar:/Users/lshepetovsky/.m2/repository/org/springframework/boot/spring-boot-test/3.1.4/spring-boot-test-3.1.4.jar:/Users/lshepetovsky/.m2/repository/org/springframework/boot/spring-boot-test-autoconfigure/3.1.4/spring-boot-test-autoconfigure-3.1.4.jar:/Users/lshepetovsky/.m2/repository/com/jayway/jsonpath/json-path/2.8.0/json-path-2.8.0.jar:/Users/lshepetovsky/.m2/repository/jakarta/xml/bind/jakarta.xml.bind-api/4.0.1/jakarta.xml.bind-api-4.0.1.jar:/Users/lshepetovsky/.m2/repository/jakarta/activation/jakarta.activation-api/2.1.2/jakarta.activation-api-2.1.2.jar:/Users/lshepetovsky/.m2/repository/net/minidev/json-smart/2.4.11/json-smart-2.4.11.jar:/Users/lshepetovsky/.m2/repository/net/minidev/accessors-smart/2.4.11/accessors-smart-2.4.11.jar:/Users/lshepetovsky/.m2/repository/org/ow2/asm/asm/9.3/asm-9.3.jar:/Users/lshepetovsky/.m2/repository/org/assertj/assertj-core/3.24.2/assertj-core-3.24.2.jar:/Users/lshepetovsky/.m2/repository/net/bytebuddy/byte-buddy/1.14.8/byte-buddy-1.14.8.jar:/Users/lshepetovsky/.m2/repository/org/hamcrest/hamcrest/2.2/hamcrest-2.2.jar:/Users/lshepetovsky/.m2/repository/org/junit/jupiter/junit-jupiter/5.9.3/junit-jupiter-5.9.3.jar:/Users/lshepetovsky/.m2/repository/org/junit/jupiter/junit-jupiter-api/5.9.3/junit-jupiter-api-5.9.3.jar:/Users/lshepetovsky/.m2/repository/org/opentest4j/opentest4j/1.2.0/opentest4j-1.2.0.jar:/Users/lshepetovsky/.m2/repository/org/junit/platform/junit-platform-commons/1.9.3/junit-platform-commons-1.9.3.jar:/Users/lshepetovsky/.m2/repository/org/apiguardian/apiguardian-api/1.1.2/apiguardian-api-1.1.2.jar:/Users/lshepetovsky/.m2/repository/org/junit/jupiter/junit-jupiter-params/5.9.3/junit-jupiter-params-5.9.3.jar:/Users/lshepetovsky/.m2/repository/org/junit/jupiter/junit-jupiter-engine/5.9.3/junit-jupiter-engine-5.9.3.jar:/Users/lshepetovsky/.m2/repository/org/junit/platform/junit-platform-engine/1.9.3/junit-platform-engine-1.9.3.jar:/Users/lshepetovsky/.m2/repository/org/mockito/mockito-core/5.3.1/mockito-core-5.3.1.jar:/Users/lshepetovsky/.m2/repository/net/bytebuddy/byte-buddy-agent/1.14.8/byte-buddy-agent-1.14.8.jar:/Users/lshepetovsky/.m2/repository/org/objenesis/objenesis/3.3/objenesis-3.3.jar:/Users/lshepetovsky/.m2/repository/org/mockito/mockito-junit-jupiter/5.3.1/mockito-junit-jupiter-5.3.1.jar:/Users/lshepetovsky/.m2/repository/org/skyscreamer/jsonassert/1.5.1/jsonassert-1.5.1.jar:/Users/lshepetovsky/.m2/repository/com/vaadin/external/google/android-json/0.0.20131108.vaadin1/android-json-0.0.20131108.vaadin1.jar:/Users/lshepetovsky/.m2/repository/org/springframework/spring-core/6.0.12/spring-core-6.0.12.jar:/Users/lshepetovsky/.m2/repository/org/springframework/spring-jcl/6.0.12/spring-jcl-6.0.12.jar:/Users/lshepetovsky/.m2/repository/org/springframework/spring-test/6.0.12/spring-test-6.0.12.jar:/Users/lshepetovsky/.m2/repository/org/xmlunit/xmlunit-core/2.9.1/xmlunit-core-2.9.1.jar:/Users/lshepetovsky/.m2/repository/javax/inject/javax.inject/1/javax.inject-1.jar:/Users/lshepetovsky/.m2/repository/org/springdoc/springdoc-openapi-ui/1.7.0/springdoc-openapi-ui-1.7.0.jar:/Users/lshepetovsky/.m2/repository/org/springdoc/springdoc-openapi-webmvc-core/1.7.0/springdoc-openapi-webmvc-core-1.7.0.jar:/Users/lshepetovsky/.m2/repository/org/springdoc/springdoc-openapi-common/1.7.0/springdoc-openapi-common-1.7.0.jar:/Users/lshepetovsky/.m2/repository/io/swagger/core/v3/swagger-core/2.2.9/swagger-core-2.2.9.jar:/Users/lshepetovsky/.m2/repository/org/apache/commons/commons-lang3/3.12.0/commons-lang3-3.12.0.jar:/Users/lshepetovsky/.m2/repository/com/fasterxml/jackson/dataformat/jackson-dataformat-yaml/2.15.2/jackson-dataformat-yaml-2.15.2.jar:/Users/lshepetovsky/.m2/repository/io/swagger/core/v3/swagger-models/2.2.9/swagger-models-2.2.9.jar:/Users/lshepetovsky/.m2/repository/org/webjars/swagger-ui/4.18.2/swagger-ui-4.18.2.jar:/Users/lshepetovsky/.m2/repository/com/paypal/digraph/digraph-parser/1.0/digraph-parser-1.0.jar:/Users/lshepetovsky/.m2/repository/org/antlr/antlr4-runtime/4.2/antlr4-runtime-4.2.jar:/Users/lshepetovsky/.m2/repository/org/abego/treelayout/org.abego.treelayout.core/1.0.1/org.abego.treelayout.core-1.0.1.jar:/Users/lshepetovsky/.m2/repository/org/antlr/antlr4-annotations/4.2/antlr4-annotations-4.2.jar:"/>
    <property name="sun.cpu.endian" value="little"/>
    <property name="user.home" value="/Users/lshepetovsky"/>
    <property name="user.language" value="en"/>
    <property name="java.specification.vendor" value="Oracle Corporation"/>
    <property name="java.version.date" value="2023-09-19"/>
    <property name="java.home" value="/opt/homebrew/Cellar/openjdk/21/libexec/openjdk.jdk/Contents/Home"/>
    <property name="file.separator" value="/"/>
    <property name="basedir" value="/Users/lshepetovsky/src/github/players-service/mend-graph-service-server"/>
    <property name="java.vm.compressedOopsMode" value="Zero based"/>
    <property name="line.separator" value="&#10;"/>
    <property name="java.vm.specification.vendor" value="Oracle Corporation"/>
    <property name="java.specification.name" value="Java Platform API Specification"/>
    <property name="FILE_LOG_CHARSET" value="UTF-8"/>
    <property name="java.awt.headless" value="true"/>
    <property name="apple.awt.application.name" value="ForkedBooter"/>
    <property name="surefire.real.class.path" value="/Users/lshepetovsky/src/github/players-service/mend-graph-service-server/target/surefire/surefirebooter-20231005150340278_3.jar"/>
    <property name="sun.management.compiler" value="HotSpot 64-Bit Tiered Compilers"/>
    <property name="ftp.nonProxyHosts" value="local|*.local|169.254/16|*.169.254/16"/>
    <property name="java.runtime.version" value="21"/>
    <property name="user.name" value="lshepetovsky"/>
    <property name="stdout.encoding" value="US-ASCII"/>
    <property name="path.separator" value=":"/>
    <property name="os.version" value="13.4.1"/>
    <property name="java.runtime.name" value="OpenJDK Runtime Environment"/>
    <property name="file.encoding" value="UTF-8"/>
    <property name="java.vm.name" value="OpenJDK 64-Bit Server VM"/>
    <property name="java.vendor.version" value="Homebrew"/>
    <property name="localRepository" value="/Users/lshepetovsky/.m2/repository"/>
    <property name="java.vendor.url.bug" value="https://github.com/Homebrew/homebrew-core/issues"/>
    <property name="java.io.tmpdir" value="/var/folders/c_/1v5fqhgd44g1y7mzhhclg4bc0000gn/T/"/>
    <property name="catalina.home" value="/private/var/folders/c_/1v5fqhgd44g1y7mzhhclg4bc0000gn/T/tomcat.0.13711380259230150640"/>
    <property name="java.version" value="21"/>
    <property name="user.dir" value="/Users/lshepetovsky/src/github/players-service/mend-graph-service-server"/>
    <property name="os.arch" value="aarch64"/>
    <property name="java.vm.specification.name" value="Java Virtual Machine Specification"/>
    <property name="PID" value="36631"/>
    <property name="CONSOLE_LOG_CHARSET" value="UTF-8"/>
    <property name="catalina.base" value="/private/var/folders/c_/1v5fqhgd44g1y7mzhhclg4bc0000gn/T/tomcat.0.13711380259230150640"/>
    <property name="native.encoding" value="US-ASCII"/>
    <property name="java.library.path" value="/Users/lshepetovsky/Library/Java/Extensions:/Library/Java/Extensions:/Network/Library/Java/Extensions:/System/Library/Java/Extensions:/usr/lib/java:."/>
    <property name="java.vm.info" value="mixed mode, sharing"/>
    <property name="stderr.encoding" value="US-ASCII"/>
    <property name="java.vendor" value="Homebrew"/>
    <property name="java.vm.version" value="21"/>
    <property name="sun.io.unicode.encoding" value="UnicodeBig"/>
    <property name="socksNonProxyHosts" value="local|*.local|169.254/16|*.169.254/16"/>
    <property name="java.class.version" value="65.0"/>
  </properties>
  <testcase name="healthCheckTest" classname="com.mend.graph.server.GraphAlgoTest" time="0.642">
    <system-out><![CDATA[ __       __                            __
|  \     /  \                          |  \
| $$\   /  $$  ______   _______    ____| $$
| $$$\ /  $$$ /      \ |       \  /      $$
| $$$$\  $$$$|  $$$$$$\| $$$$$$$\|  $$$$$$$
| $$\$$ $$ $$| $$    $$| $$  | $$| $$  | $$
| $$ \$$$| $$| $$$$$$$$| $$  | $$| $$__| $$
| $$  \$ | $$ \$$     \| $$  | $$ \$$    $$
 \$$      \$$  \$$$$$$$ \$$   \$$  \$$$$$$$



  ______                                __
 /      \                              |  \
|  $$$$$$\  ______   ______    ______  | $$____
| $$ __\$$ /      \ |      \  /      \ | $$    \
| $$|    \|  $$$$$$\ \$$$$$$\|  $$$$$$\| $$$$$$$\
| $$ \$$$$| $$   \$$/      $$| $$  | $$| $$  | $$
| $$__| $$| $$     |  $$$$$$$| $$__/ $$| $$  | $$
 \$$    $$| $$      \$$    $$| $$    $$| $$  | $$
  \$$$$$$  \$$       \$$$$$$$| $$$$$$$  \$$   \$$
                             | $$
                             | $$
                              \$$
  ______                                 __
 /      \                               |  \
|  $$$$$$\  ______    ______  __     __  \$$  _______   ______
| $$___\$$ /      \  /      \|  \   /  \|  \ /       \ /      \
 \$$    \ |  $$$$$$\|  $$$$$$\\$$\ /  $$| $$|  $$$$$$$|  $$$$$$\
 _\$$$$$$\| $$    $$| $$   \$$ \$$\  $$ | $$| $$      | $$    $$
|  \__| $$| $$$$$$$$| $$        \$$ $$  | $$| $$_____ | $$$$$$$$
 \$$    $$ \$$     \| $$         \$$$   | $$ \$$     \ \$$     \
  \$$$$$$   \$$$$$$$ \$$          \$     \$$  \$$$$$$$  \$$$$$$$

                  Version 1.0-SNAPSHOT



2023-10-05 15:03:41 [INFO ] [main] org.springframework.boot.StartupInfoLogger.logStarting 51 - Starting GraphAlgoTest using Java 21 with PID 36631 (started by lshepetovsky in /Users/lshepetovsky/src/github/players-service/mend-graph-service-server)
2023-10-05 15:03:41 [INFO ] [main] org.springframework.boot.SpringApplication.logStartupProfileInfo 637 - No active profile set, falling back to 1 default profile: "default"
2023-10-05 15:03:41 [INFO ] [main] org.springframework.boot.StartupInfoLogger.logStarted 57 - Started GraphAlgoTest in 0.947 seconds (process running for 1.579)
2023-10-05 15:03:42 [INFO ] [http-nio-auto-1-exec-1] com.mend.graph.server.controller.HealthCheckController.healthCheck 26 - Called healthcheck [080a5fde-dfa1-4e12-870e-03871ee1e43f]
]]></system-out>
    <system-err><![CDATA[WARNING: A Java agent has been loaded dynamically (/Users/lshepetovsky/.m2/repository/net/bytebuddy/byte-buddy-agent/1.14.8/byte-buddy-agent-1.14.8.jar)
WARNING: If a serviceability tool is in use, please run with -XX:+EnableDynamicAgentLoading to hide this warning
WARNING: If a serviceability tool is not in use, please run with -Djdk.instrument.traceUsage for more information
WARNING: Dynamic loading of agents will be disallowed by default in a future release
]]></system-err>
  </testcase>
  <testcase name="digraphTest" classname="com.mend.graph.server.GraphAlgoTest" time="0.056"/>
</testsuite>